<?xml version="1.0" encoding="UTF-8"?>
<testsuite name="ztysdmy.textsearch.parser.ParseOperationsTest" tests="5" skipped="0" failures="0" errors="0" timestamp="2019-05-14T07:24:21" hostname="KBP1-LHP-F55543" time="0.019">
  <properties/>
  <testcase name="shouldParseSentence1" classname="ztysdmy.textsearch.parser.ParseOperationsTest" time="0.006"/>
  <testcase name="shouldParseSentence2" classname="ztysdmy.textsearch.parser.ParseOperationsTest" time="0.0"/>
  <testcase name="shouldParseSentence3" classname="ztysdmy.textsearch.parser.ParseOperationsTest" time="0.001"/>
  <testcase name="shouldParseSentence4" classname="ztysdmy.textsearch.parser.ParseOperationsTest" time="0.001"/>
  <testcase name="shouldRemoveHtmlTags" classname="ztysdmy.textsearch.parser.ParseOperationsTest" time="0.005"/>
  <system-out><![CDATA[]]></system-out>
  <system-err><![CDATA[]]></system-err>
</testsuite>
